0 verbose cli C:\nvm4w\nodejs\node.exe C:\Users\bunny\AppData\Local\nvm\v22.13.1\node_modules\npm\bin\npm-cli.js
1 info using npm@11.4.1
2 info using node@v22.13.1
3 silly config load:file:C:\Users\bunny\AppData\Local\nvm\v22.13.1\node_modules\npm\npmrc
4 silly config load:file:C:\Users\bunny\OneDrive\Desktop\Hackathon\Frontend UI\.npmrc
5 silly config load:file:C:\Users\bunny\.npmrc
6 silly config load:file:C:\nvm4w\nodejs\etc\npmrc
7 verbose title npm exec create-vite@latest ./ --template react
8 verbose argv "exec" "--yes" "--" "create-vite@latest" "./" "--template" "react"
9 verbose logfile logs-max:10 dir:C:\Users\bunny\OneDrive\Desktop\Hackathon\Frontend UI\%AppData%\npm-cache\_logs\2026-03-31T06_12_07_924Z-
10 verbose logfile C:\Users\bunny\OneDrive\Desktop\Hackathon\Frontend UI\%AppData%\npm-cache\_logs\2026-03-31T06_12_07_924Z-debug-0.log
11 silly logfile done cleaning log files
12 silly packumentCache heap:4345298944 maxSize:1086324736 maxEntrySize:543162368
13 http fetch GET 200 https://registry.npmjs.org/create-vite 236ms (cache miss)
14 silly packumentCache heap:4345298944 maxSize:1086324736 maxEntrySize:543162368
15 http fetch GET 200 https://registry.npmjs.org/npm 405ms
16 silly packumentCache heap:4345298944 maxSize:1086324736 maxEntrySize:543162368
17 silly idealTree buildDeps
18 silly fetch manifest create-vite@9.0.3
19 silly packumentCache full:https://registry.npmjs.org/create-vite cache-miss
20 http fetch GET 200 https://registry.npmjs.org/create-vite 454ms (cache miss)
21 silly packumentCache full:https://registry.npmjs.org/create-vite set size:undefined disposed:false
22 silly placeDep ROOT create-vite@9.0.3 OK for:  want: 9.0.3
23 silly reify moves {}
24 silly audit bulk request { 'create-vite': [ '9.0.3' ] }
25 http cache create-vite@https://registry.npmjs.org/create-vite/-/create-vite-9.0.3.tgz 0ms (cache hit)
26 silly tarball no local data for create-vite@https://registry.npmjs.org/create-vite/-/create-vite-9.0.3.tgz. Extracting by manifest.
27 http fetch POST 200 https://registry.npmjs.org/-/npm/v1/security/advisories/bulk 309ms
28 silly audit report {}
29 http fetch GET 200 https://registry.npmjs.org/create-vite/-/create-vite-9.0.3.tgz 479ms (cache miss)
30 verbose cwd C:\Users\bunny\OneDrive\Desktop\Hackathon\Frontend UI
31 verbose os Windows_NT 10.0.26200
32 verbose node v22.13.1
33 verbose npm  v11.4.1
34 notice
34 notice New [33mminor[39m version of npm available! [33m11.4.1[39m -> [34m11.12.1[39m
34 notice Changelog: [34mhttps://github.com/npm/cli/releases/tag/v11.12.1[39m
34 notice To update run: [4mnpm install -g npm@11.12.1[24m
34 notice  { force: true, [Symbol(proc-log.meta)]: true }
35 verbose exit 0
36 info ok
