0 verbose cli C:\nvm4w\nodejs\node.exe C:\Users\bunny\AppData\Local\nvm\v22.13.1\node_modules\npm\bin\npm-cli.js
1 info using npm@11.4.1
2 info using node@v22.13.1
3 silly config load:file:C:\Users\bunny\AppData\Local\nvm\v22.13.1\node_modules\npm\npmrc
4 silly config load:file:C:\Users\bunny\OneDrive\Desktop\Hackathon\Frontend UI\.npmrc
5 silly config load:file:C:\Users\bunny\.npmrc
6 silly config load:file:C:\nvm4w\nodejs\etc\npmrc
7 verbose title npm exec create-vite@latest gigshield-app --template react
8 verbose argv "exec" "--yes" "--" "create-vite@latest" "gigshield-app" "--template" "react"
9 verbose logfile logs-max:10 dir:C:\Users\bunny\OneDrive\Desktop\Hackathon\Frontend UI\%AppData%\npm-cache\_logs\2026-03-31T06_12_24_936Z-
10 verbose logfile C:\Users\bunny\OneDrive\Desktop\Hackathon\Frontend UI\%AppData%\npm-cache\_logs\2026-03-31T06_12_24_936Z-debug-0.log
11 silly logfile done cleaning log files
12 silly packumentCache heap:4345298944 maxSize:1086324736 maxEntrySize:543162368
13 http fetch GET 200 https://registry.npmjs.org/create-vite 262ms (cache revalidated)
14 silly packumentCache heap:4345298944 maxSize:1086324736 maxEntrySize:543162368
15 silly packumentCache heap:4345298944 maxSize:1086324736 maxEntrySize:543162368
16 verbose cwd C:\Users\bunny\OneDrive\Desktop\Hackathon\Frontend UI
17 verbose os Windows_NT 10.0.26200
18 verbose node v22.13.1
19 verbose npm  v11.4.1
20 verbose exit 0
21 info ok
