0 verbose cli C:\nvm4w\nodejs\node.exe C:\nvm4w\nodejs\node_modules\npm\bin\npm-cli.js
1 info using npm@11.4.1
2 info using node@v22.13.1
3 silly config load:file:C:\Users\bunny\AppData\Local\nvm\v22.13.1\node_modules\npm\npmrc
4 silly config load:file:C:\Users\bunny\OneDrive\Desktop\Hackathon\Frontend UI\.npmrc
5 silly config load:file:C:\Users\bunny\.npmrc
6 silly config load:file:C:\nvm4w\nodejs\etc\npmrc
7 verbose title npm run dev
8 verbose argv "run" "dev"
9 verbose logfile logs-max:10 dir:C:\Users\bunny\OneDrive\Desktop\Hackathon\Frontend UI\%AppData%\npm-cache\_logs\2026-03-31T09_35_27_920Z-
10 verbose logfile C:\Users\bunny\OneDrive\Desktop\Hackathon\Frontend UI\%AppData%\npm-cache\_logs\2026-03-31T09_35_27_920Z-debug-0.log
11 silly logfile done cleaning log files
12 verbose stack Error: Could not read package.json: Error: ENOENT: no such file or directory, open 'C:\Users\bunny\OneDrive\Desktop\Hackathon\Frontend UI\package.json'
12 verbose stack     at async open (node:internal/fs/promises:638:25)
12 verbose stack     at async readFile (node:internal/fs/promises:1242:14)
12 verbose stack     at async read (C:\Users\bunny\AppData\Local\nvm\v22.13.1\node_modules\npm\node_modules\@npmcli\package-json\lib\read-package.js:9:18)
12 verbose stack     at async PackageJson.load (C:\Users\bunny\AppData\Local\nvm\v22.13.1\node_modules\npm\node_modules\@npmcli\package-json\lib\index.js:132:31)
12 verbose stack     at async PackageJson.normalize (C:\Users\bunny\AppData\Local\nvm\v22.13.1\node_modules\npm\node_modules\@npmcli\package-json\lib\index.js:118:5)
12 verbose stack     at async #run (C:\Users\bunny\AppData\Local\nvm\v22.13.1\node_modules\npm\lib\commands\run.js:90:13)
12 verbose stack     at async RunScript.exec (C:\Users\bunny\AppData\Local\nvm\v22.13.1\node_modules\npm\lib\commands\run.js:44:7)
12 verbose stack     at async Npm.exec (C:\Users\bunny\AppData\Local\nvm\v22.13.1\node_modules\npm\lib\npm.js:208:9)
12 verbose stack     at async module.exports (C:\Users\bunny\AppData\Local\nvm\v22.13.1\node_modules\npm\lib\cli\entry.js:67:5)
13 error code ENOENT
14 error syscall open
15 error path C:\Users\bunny\OneDrive\Desktop\Hackathon\Frontend UI\package.json
16 error errno -4058
17 error enoent Could not read package.json: Error: ENOENT: no such file or directory, open 'C:\Users\bunny\OneDrive\Desktop\Hackathon\Frontend UI\package.json'
18 error enoent This is related to npm not being able to find a file.
18 error enoent
19 verbose cwd C:\Users\bunny\OneDrive\Desktop\Hackathon\Frontend UI
20 verbose os Windows_NT 10.0.26200
21 verbose node v22.13.1
22 verbose npm  v11.4.1
23 verbose exit -4058
24 verbose code -4058
25 error A complete log of this run can be found in: C:\Users\bunny\OneDrive\Desktop\Hackathon\Frontend UI\%AppData%\npm-cache\_logs\2026-03-31T09_35_27_920Z-debug-0.log
